{"/Users/yanceyleo/Coding/Project/Natsuha-Weather/Natsuha-Weather-WeChat/src/constants/constants.ts": {"path":"/Users/yanceyleo/Coding/Project/Natsuha-Weather/Natsuha-Weather-WeChat/src/constants/constants.ts","statementMap":{"0":{"start":{"line":1,"column":13},"end":{"line":1,"column":26}},"1":{"start":{"line":12,"column":13},"end":{"line":12,"column":24}},"2":{"start":{"line":25,"column":13},"end":{"line":25,"column":31}},"3":{"start":{"line":27,"column":13},"end":{"line":27,"column":28}},"4":{"start":{"line":29,"column":13},"end":{"line":29,"column":25}},"5":{"start":{"line":35,"column":13},"end":{"line":35,"column":19}},"6":{"start":{"line":36,"column":13},"end":{"line":36,"column":19}},"7":{"start":{"line":38,"column":13},"end":{"line":38,"column":24}}},"fnMap":{},"branchMap":{},"s":{"0":1,"1":1,"2":1,"3":1,"4":1,"5":1,"6":1,"7":1},"f":{},"b":{}}
,"/Users/yanceyleo/Coding/Project/Natsuha-Weather/Natsuha-Weather-WeChat/src/store/weatherStore.ts": {"path":"/Users/yanceyleo/Coding/Project/Natsuha-Weather/Natsuha-Weather-WeChat/src/store/weatherStore.ts","statementMap":{"0":{"start":{"line":1,"column":0},"end":{"line":1,"column":null}},"1":{"start":{"line":6,"column":0},"end":{"line":6,"column":null}},"2":{"start":{"line":7,"column":0},"end":{"line":7,"column":null}},"3":{"start":{"line":8,"column":0},"end":{"line":8,"column":null}},"4":{"start":{"line":13,"column":0},"end":{"line":13,"column":null}},"5":{"start":{"line":17,"column":0},"end":{"line":17,"column":null}},"6":{"start":{"line":18,"column":0},"end":{"line":18,"column":null}},"7":{"start":{"line":29,"column":0},"end":{"line":29,"column":7}},"8":{"start":{"line":30,"column":10},"end":{"line":30,"column":null}},"9":{"start":{"line":31,"column":2},"end":{"line":31,"column":9}},"10":{"start":{"line":32,"column":13},"end":{"line":32,"column":14}},"11":{"start":{"line":32,"column":58},"end":{"line":32,"column":null}},"12":{"start":{"line":34,"column":4},"end":{"line":34,"column":5}},"13":{"start":{"line":35,"column":6},"end":{"line":35,"column":12}},"14":{"start":{"line":45,"column":26},"end":{"line":45,"column":50}},"15":{"start":{"line":108,"column":21},"end":{"line":108,"column":39}},"16":{"start":{"line":116,"column":21},"end":{"line":116,"column":32}},"17":{"start":{"line":119,"column":21},"end":{"line":119,"column":38}},"18":{"start":{"line":122,"column":21},"end":{"line":122,"column":35}},"19":{"start":{"line":125,"column":21},"end":{"line":125,"column":36}},"20":{"start":{"line":128,"column":21},"end":{"line":128,"column":38}},"21":{"start":{"line":131,"column":21},"end":{"line":131,"column":41}},"22":{"start":{"line":134,"column":21},"end":{"line":134,"column":46}},"23":{"start":{"line":137,"column":21},"end":{"line":137,"column":33}},"24":{"start":{"line":140,"column":21},"end":{"line":140,"column":34}},"25":{"start":{"line":143,"column":21},"end":{"line":143,"column":35}},"26":{"start":{"line":146,"column":21},"end":{"line":146,"column":45}},"27":{"start":{"line":150,"column":9},"end":{"line":150,"column":39}},"28":{"start":{"line":151,"column":4},"end":{"line":151,"column":9}},"29":{"start":{"line":152,"column":24},"end":{"line":152,"column":null}},"30":{"start":{"line":153,"column":22},"end":{"line":153,"column":null}},"31":{"start":{"line":154,"column":4},"end":{"line":154,"column":15}},"32":{"start":{"line":158,"column":4},"end":{"line":158,"column":15}},"33":{"start":{"line":162,"column":4},"end":{"line":162,"column":15}},"34":{"start":{"line":166,"column":4},"end":{"line":166,"column":15}},"35":{"start":{"line":170,"column":4},"end":{"line":170,"column":15}},"36":{"start":{"line":174,"column":4},"end":{"line":174,"column":15}},"37":{"start":{"line":178,"column":4},"end":{"line":178,"column":15}},"38":{"start":{"line":182,"column":4},"end":{"line":182,"column":13}},"39":{"start":{"line":183,"column":6},"end":{"line":183,"column":11}},"40":{"start":{"line":187,"column":6},"end":{"line":187,"column":11}},"41":{"start":{"line":193,"column":4},"end":{"line":193,"column":13}},"42":{"start":{"line":194,"column":6},"end":{"line":194,"column":11}},"43":{"start":{"line":202,"column":9},"end":{"line":202,"column":28}},"44":{"start":{"line":203,"column":4},"end":{"line":203,"column":9}},"45":{"start":{"line":204,"column":4},"end":{"line":204,"column":9}},"46":{"start":{"line":208,"column":9},"end":{"line":208,"column":28}},"47":{"start":{"line":209,"column":4},"end":{"line":209,"column":9}},"48":{"start":{"line":210,"column":4},"end":{"line":210,"column":14}},"49":{"start":{"line":211,"column":6},"end":{"line":211,"column":11}},"50":{"start":{"line":217,"column":9},"end":{"line":217,"column":33}},"51":{"start":{"line":218,"column":4},"end":{"line":218,"column":9}},"52":{"start":{"line":219,"column":4},"end":{"line":219,"column":9}},"53":{"start":{"line":223,"column":9},"end":{"line":223,"column":36}},"54":{"start":{"line":224,"column":4},"end":{"line":224,"column":9}},"55":{"start":{"line":228,"column":6},"end":{"line":228,"column":11}},"56":{"start":{"line":233,"column":9},"end":{"line":233,"column":36}},"57":{"start":{"line":234,"column":4},"end":{"line":234,"column":9}},"58":{"start":{"line":237,"column":6},"end":{"line":237,"column":15}},"59":{"start":{"line":238,"column":6},"end":{"line":238,"column":11}},"60":{"start":{"line":242,"column":9},"end":{"line":242,"column":26}},"61":{"start":{"line":243,"column":4},"end":{"line":243,"column":20}},"62":{"start":{"line":244,"column":4},"end":{"line":244,"column":15}},"63":{"start":{"line":249,"column":8},"end":{"line":249,"column":20}},"64":{"start":{"line":250,"column":10},"end":{"line":250,"column":15}},"65":{"start":{"line":251,"column":10},"end":{"line":251,"column":15}},"66":{"start":{"line":252,"column":33},"end":{"line":252,"column":null}},"67":{"start":{"line":253,"column":10},"end":{"line":253,"column":15}},"68":{"start":{"line":254,"column":10},"end":{"line":254,"column":15}},"69":{"start":{"line":255,"column":10},"end":{"line":255,"column":15}},"70":{"start":{"line":256,"column":10},"end":{"line":256,"column":15}},"71":{"start":{"line":257,"column":10},"end":{"line":257,"column":15}},"72":{"start":{"line":258,"column":10},"end":{"line":258,"column":15}},"73":{"start":{"line":259,"column":10},"end":{"line":259,"column":26}},"74":{"start":{"line":263,"column":8},"end":{"line":263,"column":17}},"75":{"start":{"line":264,"column":8},"end":{"line":264,"column":13}},"76":{"start":{"line":267,"column":8},"end":{"line":267,"column":13}},"77":{"start":{"line":272,"column":9},"end":{"line":272,"column":20}},"78":{"start":{"line":273,"column":4},"end":{"line":273,"column":20}},"79":{"start":{"line":274,"column":4},"end":{"line":274,"column":15}},"80":{"start":{"line":280,"column":8},"end":{"line":280,"column":20}},"81":{"start":{"line":281,"column":27},"end":{"line":281,"column":null}},"82":{"start":{"line":282,"column":10},"end":{"line":282,"column":15}},"83":{"start":{"line":283,"column":10},"end":{"line":283,"column":15}},"84":{"start":{"line":284,"column":10},"end":{"line":284,"column":15}},"85":{"start":{"line":288,"column":8},"end":{"line":288,"column":24}},"86":{"start":{"line":289,"column":8},"end":{"line":289,"column":17}},"87":{"start":{"line":293,"column":9},"end":{"line":293,"column":21}},"88":{"start":{"line":294,"column":4},"end":{"line":294,"column":15}},"89":{"start":{"line":298,"column":8},"end":{"line":298,"column":20}},"90":{"start":{"line":299,"column":10},"end":{"line":301,"column":null}},"91":{"start":{"line":300,"column":12},"end":{"line":300,"column":17}},"92":{"start":{"line":305,"column":8},"end":{"line":305,"column":17}},"93":{"start":{"line":310,"column":9},"end":{"line":310,"column":22}},"94":{"start":{"line":311,"column":4},"end":{"line":311,"column":9}},"95":{"start":{"line":312,"column":4},"end":{"line":312,"column":9}},"96":{"start":{"line":313,"column":6},"end":{"line":313,"column":9}},"97":{"start":{"line":314,"column":8},"end":{"line":314,"column":13}},"98":{"start":{"line":317,"column":10},"end":{"line":317,"column":15}},"99":{"start":{"line":326,"column":9},"end":{"line":326,"column":22}},"100":{"start":{"line":327,"column":4},"end":{"line":327,"column":9}},"101":{"start":{"line":328,"column":6},"end":{"line":334,"column":null}},"102":{"start":{"line":329,"column":8},"end":{"line":329,"column":13}},"103":{"start":{"line":331,"column":8},"end":{"line":331,"column":13}},"104":{"start":{"line":332,"column":8},"end":{"line":332,"column":13}},"105":{"start":{"line":333,"column":8},"end":{"line":333,"column":17}},"106":{"start":{"line":338,"column":9},"end":{"line":338,"column":23}},"107":{"start":{"line":340,"column":4},"end":{"line":342,"column":null}},"108":{"start":{"line":341,"column":6},"end":{"line":341,"column":11}},"109":{"start":{"line":343,"column":4},"end":{"line":343,"column":20}},"110":{"start":{"line":344,"column":4},"end":{"line":344,"column":9}},"111":{"start":{"line":348,"column":20},"end":{"line":348,"column":null}},"112":{"start":{"line":349,"column":20},"end":{"line":349,"column":null}},"113":{"start":{"line":350,"column":8},"end":{"line":350,"column":13}},"114":{"start":{"line":353,"column":8},"end":{"line":353,"column":24}},"115":{"start":{"line":355,"column":8},"end":{"line":355,"column":13}},"116":{"start":{"line":359,"column":9},"end":{"line":359,"column":23}},"117":{"start":{"line":360,"column":4},"end":{"line":360,"column":9}},"118":{"start":{"line":362,"column":8},"end":{"line":362,"column":13}},"119":{"start":{"line":363,"column":8},"end":{"line":363,"column":13}},"120":{"start":{"line":366,"column":8},"end":{"line":366,"column":17}},"121":{"start":{"line":42,"column":4},"end":{"line":42,"column":9}},"122":{"start":{"line":45,"column":19},"end":{"line":45,"column":26}},"123":{"start":{"line":108,"column":14},"end":{"line":108,"column":21}},"124":{"start":{"line":116,"column":14},"end":{"line":116,"column":21}},"125":{"start":{"line":119,"column":14},"end":{"line":119,"column":21}},"126":{"start":{"line":122,"column":14},"end":{"line":122,"column":21}},"127":{"start":{"line":125,"column":14},"end":{"line":125,"column":21}},"128":{"start":{"line":128,"column":14},"end":{"line":128,"column":21}},"129":{"start":{"line":131,"column":14},"end":{"line":131,"column":21}},"130":{"start":{"line":134,"column":14},"end":{"line":134,"column":21}},"131":{"start":{"line":137,"column":14},"end":{"line":137,"column":21}},"132":{"start":{"line":140,"column":14},"end":{"line":140,"column":21}},"133":{"start":{"line":143,"column":14},"end":{"line":143,"column":21}},"134":{"start":{"line":146,"column":14},"end":{"line":146,"column":21}},"135":{"start":{"line":150,"column":2},"end":{"line":150,"column":9}},"136":{"start":{"line":202,"column":2},"end":{"line":202,"column":9}},"137":{"start":{"line":208,"column":2},"end":{"line":208,"column":9}},"138":{"start":{"line":217,"column":2},"end":{"line":217,"column":9}},"139":{"start":{"line":223,"column":2},"end":{"line":223,"column":9}},"140":{"start":{"line":233,"column":2},"end":{"line":233,"column":9}},"141":{"start":{"line":371,"column":21},"end":{"line":371,"column":25}},"142":{"start":{"line":373,"column":0},"end":{"line":373,"column":15}}},"fnMap":{"0":{"name":"(anonymous_1)","decl":{"start":{"line":29,"column":28},"end":{"line":29,"column":38}},"loc":{"start":{"line":29,"column":46},"end":{"line":38,"column":null}}},"1":{"name":"(anonymous_2)","decl":{"start":{"line":32,"column":4},"end":{"line":32,"column":9}},"loc":{"start":{"line":32,"column":13},"end":{"line":32,"column":14}}},"2":{"name":"(anonymous_3)","decl":{"start":{"line":32,"column":52},"end":{"line":32,"column":58}},"loc":{"start":{"line":32,"column":58},"end":{"line":32,"column":null}}},"3":{"name":"(anonymous_4)","decl":{"start":{"line":33,"column":4},"end":{"line":33,"column":10}},"loc":{"start":{"line":34,"column":4},"end":{"line":34,"column":5}}},"4":{"name":"(anonymous_5)","decl":{"start":{"line":34,"column":43},"end":{"line":34,"column":48}},"loc":{"start":{"line":34,"column":48},"end":{"line":36,"column":null}}},"5":{"name":"(anonymous_6)","decl":{"start":{"line":40,"column":0},"end":{"line":40,"column":6}},"loc":{"start":{"line":40,"column":0},"end":{"line":369,"column":null}}},"6":{"name":"(anonymous_7)","decl":{"start":{"line":150,"column":40},"end":{"line":150,"column":57}},"loc":{"start":{"line":150,"column":57},"end":{"line":199,"column":4}}},"7":{"name":"(anonymous_8)","decl":{"start":{"line":182,"column":28},"end":{"line":182,"column":33}},"loc":{"start":{"line":182,"column":36},"end":{"line":191,"column":null}}},"8":{"name":"(anonymous_9)","decl":{"start":{"line":193,"column":29},"end":{"line":193,"column":34}},"loc":{"start":{"line":193,"column":37},"end":{"line":198,"column":null}}},"9":{"name":"(anonymous_10)","decl":{"start":{"line":202,"column":28},"end":{"line":202,"column":33}},"loc":{"start":{"line":202,"column":33},"end":{"line":205,"column":4}}},"10":{"name":"(anonymous_11)","decl":{"start":{"line":208,"column":28},"end":{"line":208,"column":33}},"loc":{"start":{"line":208,"column":33},"end":{"line":214,"column":4}}},"11":{"name":"(anonymous_12)","decl":{"start":{"line":210,"column":15},"end":{"line":210,"column":20}},"loc":{"start":{"line":210,"column":20},"end":{"line":212,"column":7}}},"12":{"name":"(anonymous_13)","decl":{"start":{"line":217,"column":34},"end":{"line":217,"column":44}},"loc":{"start":{"line":217,"column":44},"end":{"line":220,"column":4}}},"13":{"name":"(anonymous_14)","decl":{"start":{"line":223,"column":36},"end":{"line":223,"column":37}},"loc":{"start":{"line":223,"column":77},"end":{"line":230,"column":4}}},"14":{"name":"(anonymous_15)","decl":{"start":{"line":227,"column":12},"end":{"line":227,"column":17}},"loc":{"start":{"line":227,"column":17},"end":{"line":229,"column":null}}},"15":{"name":"(anonymous_16)","decl":{"start":{"line":233,"column":37},"end":{"line":233,"column":54}},"loc":{"start":{"line":233,"column":54},"end":{"line":240,"column":4}}},"16":{"name":"(anonymous_17)","decl":{"start":{"line":236,"column":12},"end":{"line":236,"column":17}},"loc":{"start":{"line":236,"column":17},"end":{"line":239,"column":null}}},"17":{"name":"(anonymous_18)","decl":{"start":{"line":242,"column":27},"end":{"line":242,"column":44}},"loc":{"start":{"line":242,"column":44},"end":{"line":269,"column":null}}},"18":{"name":"(anonymous_19)","decl":{"start":{"line":248,"column":12},"end":{"line":248,"column":15}},"loc":{"start":{"line":248,"column":18},"end":{"line":261,"column":null}}},"19":{"name":"(anonymous_20)","decl":{"start":{"line":249,"column":20},"end":{"line":249,"column":25}},"loc":{"start":{"line":249,"column":25},"end":{"line":260,"column":null}}},"20":{"name":"(anonymous_21)","decl":{"start":{"line":262,"column":13},"end":{"line":262,"column":18}},"loc":{"start":{"line":262,"column":18},"end":{"line":265,"column":null}}},"21":{"name":"(anonymous_22)","decl":{"start":{"line":266,"column":15},"end":{"line":266,"column":20}},"loc":{"start":{"line":266,"column":20},"end":{"line":268,"column":null}}},"22":{"name":"(anonymous_23)","decl":{"start":{"line":272,"column":20},"end":{"line":272,"column":21}},"loc":{"start":{"line":272,"column":49},"end":{"line":291,"column":null}}},"23":{"name":"(anonymous_24)","decl":{"start":{"line":279,"column":13},"end":{"line":279,"column":25}},"loc":{"start":{"line":279,"column":25},"end":{"line":286,"column":null}}},"24":{"name":"(anonymous_25)","decl":{"start":{"line":280,"column":20},"end":{"line":280,"column":25}},"loc":{"start":{"line":280,"column":25},"end":{"line":285,"column":null}}},"25":{"name":"(anonymous_26)","decl":{"start":{"line":287,"column":13},"end":{"line":287,"column":18}},"loc":{"start":{"line":287,"column":18},"end":{"line":290,"column":null}}},"26":{"name":"(anonymous_27)","decl":{"start":{"line":293,"column":22},"end":{"line":293,"column":38}},"loc":{"start":{"line":293,"column":38},"end":{"line":307,"column":null}}},"27":{"name":"(anonymous_28)","decl":{"start":{"line":297,"column":13},"end":{"line":297,"column":25}},"loc":{"start":{"line":297,"column":25},"end":{"line":303,"column":null}}},"28":{"name":"(anonymous_29)","decl":{"start":{"line":298,"column":20},"end":{"line":298,"column":25}},"loc":{"start":{"line":298,"column":25},"end":{"line":302,"column":null}}},"29":{"name":"(anonymous_30)","decl":{"start":{"line":304,"column":13},"end":{"line":304,"column":18}},"loc":{"start":{"line":304,"column":18},"end":{"line":306,"column":null}}},"30":{"name":"(anonymous_31)","decl":{"start":{"line":310,"column":22},"end":{"line":310,"column":27}},"loc":{"start":{"line":310,"column":27},"end":{"line":324,"column":null}}},"31":{"name":"(anonymous_32)","decl":{"start":{"line":312,"column":31},"end":{"line":312,"column":34}},"loc":{"start":{"line":312,"column":37},"end":{"line":323,"column":null}}},"32":{"name":"(anonymous_33)","decl":{"start":{"line":313,"column":23},"end":{"line":313,"column":26}},"loc":{"start":{"line":314,"column":8},"end":{"line":314,"column":13}}},"33":{"name":"(anonymous_34)","decl":{"start":{"line":316,"column":16},"end":{"line":316,"column":19}},"loc":{"start":{"line":316,"column":22},"end":{"line":321,"column":null}}},"34":{"name":"(anonymous_35)","decl":{"start":{"line":326,"column":22},"end":{"line":326,"column":27}},"loc":{"start":{"line":326,"column":27},"end":{"line":336,"column":null}}},"35":{"name":"(anonymous_36)","decl":{"start":{"line":327,"column":27},"end":{"line":327,"column":30}},"loc":{"start":{"line":327,"column":33},"end":{"line":335,"column":null}}},"36":{"name":"(anonymous_37)","decl":{"start":{"line":338,"column":23},"end":{"line":338,"column":28}},"loc":{"start":{"line":338,"column":28},"end":{"line":357,"column":null}}},"37":{"name":"(anonymous_38)","decl":{"start":{"line":347,"column":12},"end":{"line":347,"column":15}},"loc":{"start":{"line":347,"column":18},"end":{"line":351,"column":null}}},"38":{"name":"(anonymous_39)","decl":{"start":{"line":352,"column":13},"end":{"line":352,"column":18}},"loc":{"start":{"line":352,"column":18},"end":{"line":356,"column":null}}},"39":{"name":"(anonymous_40)","decl":{"start":{"line":359,"column":23},"end":{"line":359,"column":28}},"loc":{"start":{"line":359,"column":28},"end":{"line":368,"column":null}}},"40":{"name":"(anonymous_41)","decl":{"start":{"line":361,"column":12},"end":{"line":361,"column":15}},"loc":{"start":{"line":361,"column":18},"end":{"line":364,"column":null}}},"41":{"name":"(anonymous_42)","decl":{"start":{"line":365,"column":13},"end":{"line":365,"column":18}},"loc":{"start":{"line":365,"column":18},"end":{"line":367,"column":null}}},"42":{"name":"(anonymous_43)","decl":{"start":{"line":41,"column":2},"end":{"line":41,"column":12}},"loc":{"start":{"line":41,"column":12},"end":{"line":43,"column":null}}}},"branchMap":{"0":{"loc":{"start":{"line":32,"column":23},"end":{"line":32,"column":31}},"type":"binary-expr","locations":[{"start":{"line":32,"column":23},"end":{"line":32,"column":31}},{"start":{"line":32,"column":35},"end":{"line":32,"column":47}}]},"1":{"loc":{"start":{"line":34,"column":14},"end":{"line":34,"column":22}},"type":"binary-expr","locations":[{"start":{"line":34,"column":14},"end":{"line":34,"column":22}},{"start":{"line":34,"column":26},"end":{"line":34,"column":38}}]},"2":{"loc":{"start":{"line":299,"column":10},"end":{"line":301,"column":null}},"type":"if","locations":[{"start":{"line":299,"column":10},"end":{"line":301,"column":null}},{"start":{"line":299,"column":10},"end":{"line":301,"column":null}}]},"3":{"loc":{"start":{"line":328,"column":6},"end":{"line":334,"column":null}},"type":"if","locations":[{"start":{"line":328,"column":6},"end":{"line":334,"column":null}},{"start":{"line":328,"column":6},"end":{"line":334,"column":null}}]},"4":{"loc":{"start":{"line":340,"column":4},"end":{"line":342,"column":null}},"type":"if","locations":[{"start":{"line":340,"column":4},"end":{"line":342,"column":null}},{"start":{"line":340,"column":4},"end":{"line":342,"column":null}}]}},"s":{"0":0,"1":0,"2":0,"3":0,"4":0,"5":0,"6":0,"7":0,"8":0,"9":0,"10":0,"11":0,"12":0,"13":0,"14":0,"15":0,"16":0,"17":0,"18":0,"19":0,"20":0,"21":0,"22":0,"23":0,"24":0,"25":0,"26":0,"27":0,"28":0,"29":0,"30":0,"31":0,"32":0,"33":0,"34":0,"35":0,"36":0,"37":0,"38":0,"39":0,"40":0,"41":0,"42":0,"43":0,"44":0,"45":0,"46":0,"47":0,"48":0,"49":0,"50":0,"51":0,"52":0,"53":0,"54":0,"55":0,"56":0,"57":0,"58":0,"59":0,"60":0,"61":0,"62":0,"63":0,"64":0,"65":0,"66":0,"67":0,"68":0,"69":0,"70":0,"71":0,"72":0,"73":0,"74":0,"75":0,"76":0,"77":0,"78":0,"79":0,"80":0,"81":0,"82":0,"83":0,"84":0,"85":0,"86":0,"87":0,"88":0,"89":0,"90":0,"91":0,"92":0,"93":0,"94":0,"95":0,"96":0,"97":0,"98":0,"99":0,"100":0,"101":0,"102":0,"103":0,"104":0,"105":0,"106":0,"107":0,"108":0,"109":0,"110":0,"111":0,"112":0,"113":0,"114":0,"115":0,"116":0,"117":0,"118":0,"119":0,"120":0,"121":0,"122":0,"123":0,"124":0,"125":0,"126":0,"127":0,"128":0,"129":0,"130":0,"131":0,"132":0,"133":0,"134":0,"135":0,"136":0,"137":0,"138":0,"139":0,"140":0,"141":0,"142":0},"f":{"0":0,"1":0,"2":0,"3":0,"4":0,"5":0,"6":0,"7":0,"8":0,"9":0,"10":0,"11":0,"12":0,"13":0,"14":0,"15":0,"16":0,"17":0,"18":0,"19":0,"20":0,"21":0,"22":0,"23":0,"24":0,"25":0,"26":0,"27":0,"28":0,"29":0,"30":0,"31":0,"32":0,"33":0,"34":0,"35":0,"36":0,"37":0,"38":0,"39":0,"40":0,"41":0,"42":0},"b":{"0":[0,0],"1":[0,0],"2":[0,0],"3":[0,0],"4":[0,0]}}
,"/Users/yanceyleo/Coding/Project/Natsuha-Weather/Natsuha-Weather-WeChat/src/utils/convert.ts": {"path":"/Users/yanceyleo/Coding/Project/Natsuha-Weather/Natsuha-Weather-WeChat/src/utils/convert.ts","statementMap":{"0":{"start":{"line":1,"column":13},"end":{"line":1,"column":40}},"1":{"start":{"line":2,"column":2},"end":{"line":6,"column":null}},"2":{"start":{"line":3,"column":4},"end":{"line":3,"column":12}},"3":{"start":{"line":5,"column":4},"end":{"line":5,"column":12}},"4":{"start":{"line":9,"column":13},"end":{"line":9,"column":30}},"5":{"start":{"line":10,"column":2},"end":{"line":14,"column":null}},"6":{"start":{"line":11,"column":4},"end":{"line":11,"column":11}},"7":{"start":{"line":13,"column":4},"end":{"line":13,"column":11}},"8":{"start":{"line":17,"column":13},"end":{"line":17,"column":38}},"9":{"start":{"line":18,"column":2},"end":{"line":22,"column":null}},"10":{"start":{"line":19,"column":4},"end":{"line":19,"column":11}},"11":{"start":{"line":21,"column":4},"end":{"line":21,"column":11}}},"fnMap":{"0":{"name":"(anonymous_0)","decl":{"start":{"line":1,"column":40},"end":{"line":1,"column":41}},"loc":{"start":{"line":1,"column":73},"end":{"line":7,"column":null}}},"1":{"name":"(anonymous_1)","decl":{"start":{"line":9,"column":30},"end":{"line":9,"column":31}},"loc":{"start":{"line":9,"column":63},"end":{"line":15,"column":null}}},"2":{"name":"(anonymous_2)","decl":{"start":{"line":17,"column":38},"end":{"line":17,"column":39}},"loc":{"start":{"line":17,"column":71},"end":{"line":23,"column":null}}}},"branchMap":{"0":{"loc":{"start":{"line":2,"column":2},"end":{"line":6,"column":null}},"type":"if","locations":[{"start":{"line":2,"column":2},"end":{"line":6,"column":null}},{"start":{"line":2,"column":2},"end":{"line":6,"column":null}}]},"1":{"loc":{"start":{"line":10,"column":2},"end":{"line":14,"column":null}},"type":"if","locations":[{"start":{"line":10,"column":2},"end":{"line":14,"column":null}},{"start":{"line":10,"column":2},"end":{"line":14,"column":null}}]},"2":{"loc":{"start":{"line":18,"column":2},"end":{"line":22,"column":null}},"type":"if","locations":[{"start":{"line":18,"column":2},"end":{"line":22,"column":null}},{"start":{"line":18,"column":2},"end":{"line":22,"column":null}}]}},"s":{"0":1,"1":2,"2":1,"3":1,"4":1,"5":2,"6":1,"7":1,"8":1,"9":1,"10":1,"11":0},"f":{"0":2,"1":2,"2":1},"b":{"0":[1,1],"1":[1,1],"2":[1,0]}}
,"/Users/yanceyleo/Coding/Project/Natsuha-Weather/Natsuha-Weather-WeChat/src/utils/util.ts": {"path":"/Users/yanceyleo/Coding/Project/Natsuha-Weather/Natsuha-Weather-WeChat/src/utils/util.ts","statementMap":{"0":{"start":{"line":1,"column":0},"end":{"line":1,"column":null}},"1":{"start":{"line":2,"column":0},"end":{"line":2,"column":null}},"2":{"start":{"line":19,"column":13},"end":{"line":19,"column":24}},"3":{"start":{"line":20,"column":2},"end":{"line":20,"column":9}},"4":{"start":{"line":36,"column":13},"end":{"line":36,"column":31}},"5":{"start":{"line":37,"column":2},"end":{"line":44,"column":null}},"6":{"start":{"line":38,"column":4},"end":{"line":38,"column":11}},"7":{"start":{"line":43,"column":4},"end":{"line":43,"column":9}},"8":{"start":{"line":53,"column":13},"end":{"line":53,"column":30}},"9":{"start":{"line":54,"column":2},"end":{"line":54,"column":6}},"10":{"start":{"line":63,"column":13},"end":{"line":63,"column":24}},"11":{"start":{"line":64,"column":2},"end":{"line":86,"column":null}},"12":{"start":{"line":65,"column":18},"end":{"line":65,"column":22}},"13":{"start":{"line":66,"column":18},"end":{"line":66,"column":null}},"14":{"start":{"line":67,"column":16},"end":{"line":67,"column":21}},"15":{"start":{"line":68,"column":17},"end":{"line":68,"column":22}},"16":{"start":{"line":69,"column":19},"end":{"line":69,"column":77}},"17":{"start":{"line":70,"column":4},"end":{"line":74,"column":null}},"18":{"start":{"line":71,"column":6},"end":{"line":71,"column":13}},"19":{"start":{"line":73,"column":6},"end":{"line":73,"column":13}},"20":{"start":{"line":76,"column":18},"end":{"line":76,"column":22}},"21":{"start":{"line":77,"column":18},"end":{"line":77,"column":null}},"22":{"start":{"line":78,"column":16},"end":{"line":78,"column":21}},"23":{"start":{"line":79,"column":17},"end":{"line":79,"column":22}},"24":{"start":{"line":80,"column":19},"end":{"line":80,"column":77}},"25":{"start":{"line":81,"column":4},"end":{"line":85,"column":null}},"26":{"start":{"line":82,"column":6},"end":{"line":82,"column":13}},"27":{"start":{"line":84,"column":6},"end":{"line":84,"column":13}},"28":{"start":{"line":95,"column":13},"end":{"line":95,"column":28}},"29":{"start":{"line":96,"column":2},"end":{"line":100,"column":null}},"30":{"start":{"line":97,"column":4},"end":{"line":97,"column":11}},"31":{"start":{"line":99,"column":4},"end":{"line":99,"column":11}},"32":{"start":{"line":109,"column":13},"end":{"line":109,"column":32}},"33":{"start":{"line":110,"column":2},"end":{"line":112,"column":null}},"34":{"start":{"line":111,"column":4},"end":{"line":111,"column":7}},"35":{"start":{"line":113,"column":2},"end":{"line":113,"column":9}},"36":{"start":{"line":113,"column":57},"end":{"line":113,"column":58}},"37":{"start":{"line":123,"column":13},"end":{"line":123,"column":27}},"38":{"start":{"line":124,"column":15},"end":{"line":124,"column":null}},"39":{"start":{"line":125,"column":2},"end":{"line":131,"column":null}},"40":{"start":{"line":126,"column":4},"end":{"line":126,"column":11}},"41":{"start":{"line":127,"column":9},"end":{"line":131,"column":null}},"42":{"start":{"line":128,"column":4},"end":{"line":128,"column":11}},"43":{"start":{"line":130,"column":4},"end":{"line":130,"column":11}},"44":{"start":{"line":140,"column":13},"end":{"line":140,"column":35}},"45":{"start":{"line":140,"column":63},"end":{"line":140,"column":null}},"46":{"start":{"line":148,"column":13},"end":{"line":148,"column":32}},"47":{"start":{"line":149,"column":14},"end":{"line":149,"column":19}},"48":{"start":{"line":150,"column":2},"end":{"line":156,"column":null}},"49":{"start":{"line":151,"column":4},"end":{"line":155,"column":null}},"50":{"start":{"line":152,"column":6},"end":{"line":152,"column":13}},"51":{"start":{"line":154,"column":6},"end":{"line":154,"column":13}},"52":{"start":{"line":157,"column":2},"end":{"line":157,"column":9}},"53":{"start":{"line":166,"column":13},"end":{"line":166,"column":28}},"54":{"start":{"line":167,"column":23},"end":{"line":167,"column":32}},"55":{"start":{"line":168,"column":15},"end":{"line":168,"column":null}},"56":{"start":{"line":169,"column":2},"end":{"line":169,"column":10}},"57":{"start":{"line":171,"column":6},"end":{"line":171,"column":12}},"58":{"start":{"line":172,"column":6},"end":{"line":172,"column":null}},"59":{"start":{"line":174,"column":6},"end":{"line":174,"column":12}},"60":{"start":{"line":175,"column":6},"end":{"line":175,"column":null}},"61":{"start":{"line":177,"column":6},"end":{"line":177,"column":12}},"62":{"start":{"line":178,"column":6},"end":{"line":178,"column":null}},"63":{"start":{"line":180,"column":6},"end":{"line":180,"column":12}},"64":{"start":{"line":181,"column":6},"end":{"line":181,"column":null}},"65":{"start":{"line":183,"column":6},"end":{"line":183,"column":12}},"66":{"start":{"line":184,"column":6},"end":{"line":184,"column":null}},"67":{"start":{"line":186,"column":6},"end":{"line":186,"column":12}},"68":{"start":{"line":188,"column":2},"end":{"line":188,"column":9}},"69":{"start":{"line":197,"column":13},"end":{"line":197,"column":39}},"70":{"start":{"line":198,"column":15},"end":{"line":198,"column":null}},"71":{"start":{"line":199,"column":15},"end":{"line":199,"column":null}},"72":{"start":{"line":200,"column":18},"end":{"line":200,"column":22}},"73":{"start":{"line":201,"column":2},"end":{"line":205,"column":null}},"74":{"start":{"line":202,"column":4},"end":{"line":202,"column":10}},"75":{"start":{"line":204,"column":4},"end":{"line":204,"column":10}},"76":{"start":{"line":206,"column":2},"end":{"line":206,"column":9}},"77":{"start":{"line":217,"column":13},"end":{"line":217,"column":27}},"78":{"start":{"line":218,"column":16},"end":{"line":218,"column":20}},"79":{"start":{"line":219,"column":14},"end":{"line":219,"column":null}},"80":{"start":{"line":220,"column":21},"end":{"line":220,"column":22}},"81":{"start":{"line":221,"column":2},"end":{"line":229,"column":null}},"82":{"start":{"line":222,"column":4},"end":{"line":222,"column":11}},"83":{"start":{"line":224,"column":4},"end":{"line":228,"column":null}},"84":{"start":{"line":225,"column":6},"end":{"line":225,"column":13}},"85":{"start":{"line":227,"column":6},"end":{"line":227,"column":13}},"86":{"start":{"line":238,"column":13},"end":{"line":238,"column":26}},"87":{"start":{"line":238,"column":55},"end":{"line":238,"column":64}}},"fnMap":{"0":{"name":"(anonymous_0)","decl":{"start":{"line":19,"column":24},"end":{"line":19,"column":25}},"loc":{"start":{"line":19,"column":122},"end":{"line":26,"column":null}}},"1":{"name":"(anonymous_1)","decl":{"start":{"line":36,"column":31},"end":{"line":36,"column":32}},"loc":{"start":{"line":36,"column":125},"end":{"line":45,"column":null}}},"2":{"name":"(anonymous_2)","decl":{"start":{"line":53,"column":31},"end":{"line":53,"column":null}},"loc":{"start":{"line":54,"column":2},"end":{"line":54,"column":6}}},"3":{"name":"(anonymous_3)","decl":{"start":{"line":63,"column":25},"end":{"line":63,"column":49}},"loc":{"start":{"line":63,"column":49},"end":{"line":87,"column":null}}},"4":{"name":"(anonymous_4)","decl":{"start":{"line":95,"column":29},"end":{"line":95,"column":45}},"loc":{"start":{"line":95,"column":45},"end":{"line":101,"column":null}}},"5":{"name":"(anonymous_5)","decl":{"start":{"line":109,"column":33},"end":{"line":109,"column":56}},"loc":{"start":{"line":109,"column":56},"end":{"line":114,"column":null}}},"6":{"name":"(anonymous_6)","decl":{"start":{"line":113,"column":51},"end":{"line":113,"column":57}},"loc":{"start":{"line":113,"column":57},"end":{"line":113,"column":58}}},"7":{"name":"(anonymous_7)","decl":{"start":{"line":123,"column":27},"end":{"line":123,"column":28}},"loc":{"start":{"line":123,"column":79},"end":{"line":132,"column":null}}},"8":{"name":"(anonymous_8)","decl":{"start":{"line":140,"column":36},"end":{"line":140,"column":63}},"loc":{"start":{"line":140,"column":63},"end":{"line":140,"column":null}}},"9":{"name":"(anonymous_9)","decl":{"start":{"line":148,"column":33},"end":{"line":148,"column":58}},"loc":{"start":{"line":148,"column":58},"end":{"line":158,"column":null}}},"10":{"name":"(anonymous_10)","decl":{"start":{"line":166,"column":29},"end":{"line":166,"column":58}},"loc":{"start":{"line":166,"column":58},"end":{"line":189,"column":null}}},"11":{"name":"(anonymous_11)","decl":{"start":{"line":197,"column":40},"end":{"line":197,"column":69}},"loc":{"start":{"line":197,"column":69},"end":{"line":207,"column":null}}},"12":{"name":"(anonymous_12)","decl":{"start":{"line":217,"column":27},"end":{"line":217,"column":28}},"loc":{"start":{"line":217,"column":94},"end":{"line":230,"column":null}}},"13":{"name":"(anonymous_13)","decl":{"start":{"line":238,"column":27},"end":{"line":238,"column":55}},"loc":{"start":{"line":238,"column":55},"end":{"line":238,"column":64}}}},"branchMap":{"0":{"loc":{"start":{"line":19,"column":41},"end":{"line":19,"column":45}},"type":"default-arg","locations":[{"start":{"line":19,"column":41},"end":{"line":19,"column":45}}]},"1":{"loc":{"start":{"line":19,"column":60},"end":{"line":19,"column":68}},"type":"default-arg","locations":[{"start":{"line":19,"column":60},"end":{"line":19,"column":68}}]},"2":{"loc":{"start":{"line":19,"column":84},"end":{"line":19,"column":90}},"type":"default-arg","locations":[{"start":{"line":19,"column":84},"end":{"line":19,"column":90}}]},"3":{"loc":{"start":{"line":19,"column":109},"end":{"line":19,"column":122}},"type":"default-arg","locations":[{"start":{"line":19,"column":109},"end":{"line":19,"column":122}}]},"4":{"loc":{"start":{"line":36,"column":75},"end":{"line":36,"column":89}},"type":"default-arg","locations":[{"start":{"line":36,"column":75},"end":{"line":36,"column":89}}]},"5":{"loc":{"start":{"line":36,"column":105},"end":{"line":36,"column":125}},"type":"default-arg","locations":[{"start":{"line":36,"column":105},"end":{"line":36,"column":125}}]},"6":{"loc":{"start":{"line":37,"column":2},"end":{"line":44,"column":null}},"type":"if","locations":[{"start":{"line":37,"column":2},"end":{"line":44,"column":null}},{"start":{"line":37,"column":2},"end":{"line":44,"column":null}}]},"7":{"loc":{"start":{"line":64,"column":2},"end":{"line":86,"column":null}},"type":"if","locations":[{"start":{"line":64,"column":2},"end":{"line":86,"column":null}},{"start":{"line":64,"column":2},"end":{"line":86,"column":null}}]},"8":{"loc":{"start":{"line":69,"column":45},"end":{"line":69,"column":72}},"type":"cond-expr","locations":[{"start":{"line":69,"column":45},"end":{"line":69,"column":72}},{"start":{"line":69,"column":72},"end":{"line":69,"column":77}}]},"9":{"loc":{"start":{"line":70,"column":4},"end":{"line":74,"column":null}},"type":"if","locations":[{"start":{"line":70,"column":4},"end":{"line":74,"column":null}},{"start":{"line":70,"column":4},"end":{"line":74,"column":null}}]},"10":{"loc":{"start":{"line":80,"column":45},"end":{"line":80,"column":72}},"type":"cond-expr","locations":[{"start":{"line":80,"column":45},"end":{"line":80,"column":72}},{"start":{"line":80,"column":72},"end":{"line":80,"column":77}}]},"11":{"loc":{"start":{"line":81,"column":4},"end":{"line":85,"column":null}},"type":"if","locations":[{"start":{"line":81,"column":4},"end":{"line":85,"column":null}},{"start":{"line":81,"column":4},"end":{"line":85,"column":null}}]},"12":{"loc":{"start":{"line":96,"column":2},"end":{"line":100,"column":null}},"type":"if","locations":[{"start":{"line":96,"column":2},"end":{"line":100,"column":null}},{"start":{"line":96,"column":2},"end":{"line":100,"column":null}}]},"13":{"loc":{"start":{"line":110,"column":2},"end":{"line":112,"column":null}},"type":"if","locations":[{"start":{"line":110,"column":2},"end":{"line":112,"column":null}},{"start":{"line":110,"column":2},"end":{"line":112,"column":null}}]},"14":{"loc":{"start":{"line":125,"column":2},"end":{"line":131,"column":null}},"type":"if","locations":[{"start":{"line":125,"column":2},"end":{"line":131,"column":null}},{"start":{"line":125,"column":2},"end":{"line":131,"column":null}}]},"15":{"loc":{"start":{"line":127,"column":9},"end":{"line":131,"column":null}},"type":"if","locations":[{"start":{"line":127,"column":9},"end":{"line":131,"column":null}},{"start":{"line":127,"column":9},"end":{"line":131,"column":null}}]},"16":{"loc":{"start":{"line":150,"column":2},"end":{"line":156,"column":null}},"type":"if","locations":[{"start":{"line":150,"column":2},"end":{"line":156,"column":null}},{"start":{"line":150,"column":2},"end":{"line":156,"column":null}}]},"17":{"loc":{"start":{"line":151,"column":4},"end":{"line":155,"column":null}},"type":"if","locations":[{"start":{"line":151,"column":4},"end":{"line":155,"column":null}},{"start":{"line":151,"column":4},"end":{"line":155,"column":null}}]},"18":{"loc":{"start":{"line":170,"column":4},"end":{"line":172,"column":null}},"type":"switch","locations":[{"start":{"line":170,"column":4},"end":{"line":172,"column":null}},{"start":{"line":173,"column":4},"end":{"line":175,"column":null}},{"start":{"line":176,"column":4},"end":{"line":178,"column":null}},{"start":{"line":179,"column":4},"end":{"line":181,"column":null}},{"start":{"line":182,"column":4},"end":{"line":184,"column":null}},{"start":{"line":185,"column":4},"end":{"line":186,"column":12}}]},"19":{"loc":{"start":{"line":199,"column":15},"end":{"line":199,"column":64}},"type":"binary-expr","locations":[{"start":{"line":199,"column":15},"end":{"line":199,"column":64}},{"start":{"line":199,"column":64},"end":{"line":199,"column":null}}]},"20":{"loc":{"start":{"line":201,"column":2},"end":{"line":205,"column":null}},"type":"if","locations":[{"start":{"line":201,"column":2},"end":{"line":205,"column":null}},{"start":{"line":201,"column":2},"end":{"line":205,"column":null}}]},"21":{"loc":{"start":{"line":221,"column":2},"end":{"line":229,"column":null}},"type":"if","locations":[{"start":{"line":221,"column":2},"end":{"line":229,"column":null}},{"start":{"line":221,"column":2},"end":{"line":229,"column":null}}]},"22":{"loc":{"start":{"line":221,"column":6},"end":{"line":221,"column":26}},"type":"binary-expr","locations":[{"start":{"line":221,"column":6},"end":{"line":221,"column":26}},{"start":{"line":221,"column":26},"end":{"line":221,"column":44}}]},"23":{"loc":{"start":{"line":224,"column":4},"end":{"line":228,"column":null}},"type":"if","locations":[{"start":{"line":224,"column":4},"end":{"line":228,"column":null}},{"start":{"line":224,"column":4},"end":{"line":228,"column":null}}]}},"s":{"0":1,"1":1,"2":1,"3":0,"4":1,"5":0,"6":0,"7":0,"8":1,"9":1,"10":1,"11":1,"12":1,"13":1,"14":1,"15":1,"16":1,"17":1,"18":0,"19":1,"20":0,"21":0,"22":0,"23":0,"24":0,"25":0,"26":0,"27":0,"28":1,"29":2,"30":1,"31":1,"32":1,"33":2,"34":1,"35":2,"36":3,"37":1,"38":3,"39":3,"40":1,"41":2,"42":1,"43":1,"44":1,"45":1,"46":1,"47":2,"48":2,"49":2,"50":1,"51":1,"52":0,"53":1,"54":5,"55":5,"56":5,"57":1,"58":1,"59":1,"60":1,"61":1,"62":1,"63":1,"64":1,"65":1,"66":1,"67":0,"68":5,"69":1,"70":2,"71":2,"72":2,"73":2,"74":1,"75":1,"76":2,"77":1,"78":0,"79":0,"80":0,"81":0,"82":0,"83":0,"84":0,"85":0,"86":1,"87":1},"f":{"0":0,"1":0,"2":1,"3":1,"4":2,"5":2,"6":3,"7":3,"8":1,"9":2,"10":5,"11":2,"12":0,"13":1},"b":{"0":[0],"1":[0],"2":[0],"3":[0],"4":[0],"5":[0],"6":[0,0],"7":[1,0],"8":[0,1],"9":[0,1],"10":[0,0],"11":[0,0],"12":[1,1],"13":[1,1],"14":[1,2],"15":[1,1],"16":[2,0],"17":[1,1],"18":[1,1,1,1,1,0],"19":[2,0],"20":[1,1],"21":[0,0],"22":[0,0],"23":[0,0]}}
}
