TN:
SF:/Users/yanceyleo/Coding/Project/Natsuha-Weather/Natsuha-Weather-WeChat/src/constants/constants.ts
FNF:0
FNH:0
DA:1,1
DA:12,1
DA:25,1
DA:27,1
DA:29,1
DA:35,1
DA:36,1
DA:38,1
LF:8
LH:8
BRF:0
BRH:0
end_of_record
TN:
SF:/Users/yanceyleo/Coding/Project/Natsuha-Weather/Natsuha-Weather-WeChat/src/store/weatherStore.ts
FN:29,(anonymous_1)
FN:32,(anonymous_2)
FN:32,(anonymous_3)
FN:33,(anonymous_4)
FN:34,(anonymous_5)
FN:40,(anonymous_6)
FN:150,(anonymous_7)
FN:182,(anonymous_8)
FN:193,(anonymous_9)
FN:202,(anonymous_10)
FN:208,(anonymous_11)
FN:210,(anonymous_12)
FN:217,(anonymous_13)
FN:223,(anonymous_14)
FN:227,(anonymous_15)
FN:233,(anonymous_16)
FN:236,(anonymous_17)
FN:242,(anonymous_18)
FN:248,(anonymous_19)
FN:249,(anonymous_20)
FN:262,(anonymous_21)
FN:266,(anonymous_22)
FN:272,(anonymous_23)
FN:279,(anonymous_24)
FN:280,(anonymous_25)
FN:287,(anonymous_26)
FN:293,(anonymous_27)
FN:297,(anonymous_28)
FN:298,(anonymous_29)
FN:304,(anonymous_30)
FN:310,(anonymous_31)
FN:312,(anonymous_32)
FN:313,(anonymous_33)
FN:316,(anonymous_34)
FN:326,(anonymous_35)
FN:327,(anonymous_36)
FN:338,(anonymous_37)
FN:347,(anonymous_38)
FN:352,(anonymous_39)
FN:359,(anonymous_40)
FN:361,(anonymous_41)
FN:365,(anonymous_42)
FN:41,(anonymous_43)
FNF:43
FNH:0
FNDA:0,(anonymous_1)
FNDA:0,(anonymous_2)
FNDA:0,(anonymous_3)
FNDA:0,(anonymous_4)
FNDA:0,(anonymous_5)
FNDA:0,(anonymous_6)
FNDA:0,(anonymous_7)
FNDA:0,(anonymous_8)
FNDA:0,(anonymous_9)
FNDA:0,(anonymous_10)
FNDA:0,(anonymous_11)
FNDA:0,(anonymous_12)
FNDA:0,(anonymous_13)
FNDA:0,(anonymous_14)
FNDA:0,(anonymous_15)
FNDA:0,(anonymous_16)
FNDA:0,(anonymous_17)
FNDA:0,(anonymous_18)
FNDA:0,(anonymous_19)
FNDA:0,(anonymous_20)
FNDA:0,(anonymous_21)
FNDA:0,(anonymous_22)
FNDA:0,(anonymous_23)
FNDA:0,(anonymous_24)
FNDA:0,(anonymous_25)
FNDA:0,(anonymous_26)
FNDA:0,(anonymous_27)
FNDA:0,(anonymous_28)
FNDA:0,(anonymous_29)
FNDA:0,(anonymous_30)
FNDA:0,(anonymous_31)
FNDA:0,(anonymous_32)
FNDA:0,(anonymous_33)
FNDA:0,(anonymous_34)
FNDA:0,(anonymous_35)
FNDA:0,(anonymous_36)
FNDA:0,(anonymous_37)
FNDA:0,(anonymous_38)
FNDA:0,(anonymous_39)
FNDA:0,(anonymous_40)
FNDA:0,(anonymous_41)
FNDA:0,(anonymous_42)
FNDA:0,(anonymous_43)
DA:1,0
DA:6,0
DA:7,0
DA:8,0
DA:13,0
DA:17,0
DA:18,0
DA:29,0
DA:30,0
DA:31,0
DA:32,0
DA:34,0
DA:35,0
DA:42,0
DA:45,0
DA:108,0
DA:116,0
DA:119,0
DA:122,0
DA:125,0
DA:128,0
DA:131,0
DA:134,0
DA:137,0
DA:140,0
DA:143,0
DA:146,0
DA:150,0
DA:151,0
DA:152,0
DA:153,0
DA:154,0
DA:158,0
DA:162,0
DA:166,0
DA:170,0
DA:174,0
DA:178,0
DA:182,0
DA:183,0
DA:187,0
DA:193,0
DA:194,0
DA:202,0
DA:203,0
DA:204,0
DA:208,0
DA:209,0
DA:210,0
DA:211,0
DA:217,0
DA:218,0
DA:219,0
DA:223,0
DA:224,0
DA:228,0
DA:233,0
DA:234,0
DA:237,0
DA:238,0
DA:242,0
DA:243,0
DA:244,0
DA:249,0
DA:250,0
DA:251,0
DA:252,0
DA:253,0
DA:254,0
DA:255,0
DA:256,0
DA:257,0
DA:258,0
DA:259,0
DA:263,0
DA:264,0
DA:267,0
DA:272,0
DA:273,0
DA:274,0
DA:280,0
DA:281,0
DA:282,0
DA:283,0
DA:284,0
DA:288,0
DA:289,0
DA:293,0
DA:294,0
DA:298,0
DA:299,0
DA:300,0
DA:305,0
DA:310,0
DA:311,0
DA:312,0
DA:313,0
DA:314,0
DA:317,0
DA:326,0
DA:327,0
DA:328,0
DA:329,0
DA:331,0
DA:332,0
DA:333,0
DA:338,0
DA:340,0
DA:341,0
DA:343,0
DA:344,0
DA:348,0
DA:349,0
DA:350,0
DA:353,0
DA:355,0
DA:359,0
DA:360,0
DA:362,0
DA:363,0
DA:366,0
DA:371,0
DA:373,0
LF:123
LH:0
BRDA:32,0,0,0
BRDA:32,0,1,0
BRDA:34,1,0,0
BRDA:34,1,1,0
BRDA:299,2,0,0
BRDA:299,2,1,0
BRDA:328,3,0,0
BRDA:328,3,1,0
BRDA:340,4,0,0
BRDA:340,4,1,0
BRF:10
BRH:0
end_of_record
TN:
SF:/Users/yanceyleo/Coding/Project/Natsuha-Weather/Natsuha-Weather-WeChat/src/utils/convert.ts
FN:1,(anonymous_0)
FN:9,(anonymous_1)
FN:17,(anonymous_2)
FNF:3
FNH:3
FNDA:2,(anonymous_0)
FNDA:2,(anonymous_1)
FNDA:1,(anonymous_2)
DA:1,1
DA:2,2
DA:3,1
DA:5,1
DA:9,1
DA:10,2
DA:11,1
DA:13,1
DA:17,1
DA:18,1
DA:19,1
DA:21,0
LF:12
LH:11
BRDA:2,0,0,1
BRDA:2,0,1,1
BRDA:10,1,0,1
BRDA:10,1,1,1
BRDA:18,2,0,1
BRDA:18,2,1,0
BRF:6
BRH:5
end_of_record
TN:
SF:/Users/yanceyleo/Coding/Project/Natsuha-Weather/Natsuha-Weather-WeChat/src/utils/util.ts
FN:19,(anonymous_0)
FN:36,(anonymous_1)
FN:53,(anonymous_2)
FN:63,(anonymous_3)
FN:95,(anonymous_4)
FN:109,(anonymous_5)
FN:113,(anonymous_6)
FN:123,(anonymous_7)
FN:140,(anonymous_8)
FN:148,(anonymous_9)
FN:166,(anonymous_10)
FN:197,(anonymous_11)
FN:217,(anonymous_12)
FN:238,(anonymous_13)
FNF:14
FNH:11
FNDA:0,(anonymous_0)
FNDA:0,(anonymous_1)
FNDA:1,(anonymous_2)
FNDA:1,(anonymous_3)
FNDA:2,(anonymous_4)
FNDA:2,(anonymous_5)
FNDA:3,(anonymous_6)
FNDA:3,(anonymous_7)
FNDA:1,(anonymous_8)
FNDA:2,(anonymous_9)
FNDA:5,(anonymous_10)
FNDA:2,(anonymous_11)
FNDA:0,(anonymous_12)
FNDA:1,(anonymous_13)
DA:1,1
DA:2,1
DA:19,1
DA:20,0
DA:36,1
DA:37,0
DA:38,0
DA:43,0
DA:53,1
DA:54,1
DA:63,1
DA:64,1
DA:65,1
DA:66,1
DA:67,1
DA:68,1
DA:69,1
DA:70,1
DA:71,0
DA:73,1
DA:76,0
DA:77,0
DA:78,0
DA:79,0
DA:80,0
DA:81,0
DA:82,0
DA:84,0
DA:95,1
DA:96,2
DA:97,1
DA:99,1
DA:109,1
DA:110,2
DA:111,1
DA:113,3
DA:123,1
DA:124,3
DA:125,3
DA:126,1
DA:127,2
DA:128,1
DA:130,1
DA:140,1
DA:148,1
DA:149,2
DA:150,2
DA:151,2
DA:152,1
DA:154,1
DA:157,0
DA:166,1
DA:167,5
DA:168,5
DA:169,5
DA:171,1
DA:172,1
DA:174,1
DA:175,1
DA:177,1
DA:178,1
DA:180,1
DA:181,1
DA:183,1
DA:184,1
DA:186,0
DA:188,5
DA:197,1
DA:198,2
DA:199,2
DA:200,2
DA:201,2
DA:202,1
DA:204,1
DA:206,2
DA:217,1
DA:218,0
DA:219,0
DA:220,0
DA:221,0
DA:222,0
DA:224,0
DA:225,0
DA:227,0
DA:238,1
LF:85
LH:62
BRDA:19,0,0,0
BRDA:19,1,0,0
BRDA:19,2,0,0
BRDA:19,3,0,0
BRDA:36,4,0,0
BRDA:36,5,0,0
BRDA:37,6,0,0
BRDA:37,6,1,0
BRDA:64,7,0,1
BRDA:64,7,1,0
BRDA:69,8,0,0
BRDA:69,8,1,1
BRDA:70,9,0,0
BRDA:70,9,1,1
BRDA:80,10,0,0
BRDA:80,10,1,0
BRDA:81,11,0,0
BRDA:81,11,1,0
BRDA:96,12,0,1
BRDA:96,12,1,1
BRDA:110,13,0,1
BRDA:110,13,1,1
BRDA:125,14,0,1
BRDA:125,14,1,2
BRDA:127,15,0,1
BRDA:127,15,1,1
BRDA:150,16,0,2
BRDA:150,16,1,0
BRDA:151,17,0,1
BRDA:151,17,1,1
BRDA:170,18,0,1
BRDA:170,18,1,1
BRDA:170,18,2,1
BRDA:170,18,3,1
BRDA:170,18,4,1
BRDA:170,18,5,0
BRDA:199,19,0,2
BRDA:199,19,1,0
BRDA:201,20,0,1
BRDA:201,20,1,1
BRDA:221,21,0,0
BRDA:221,21,1,0
BRDA:221,22,0,0
BRDA:221,22,1,0
BRDA:224,23,0,0
BRDA:224,23,1,0
BRF:46
BRH:22
end_of_record
